0 info it worked if it ends with ok
1 verbose cli [ '/usr/bin/nodejs',
1 verbose cli   '/usr/bin/npm',
1 verbose cli   'install',
1 verbose cli   '--modules-folder',
1 verbose cli   './project/static/modules/' ]
2 info using npm@3.5.2
3 info using node@v4.7.2
4 silly loadCurrentTree Starting
5 silly install loadCurrentTree
6 silly install readLocalPackageData
7 silly fetchPackageMetaData ./project/static/modules/
8 silly fetchOtherPackageData ./project/static/modules/
9 silly cache add args [ './project/static/modules/', null ]
10 verbose cache add spec ./project/static/modules/
11 silly cache add parsed spec Result {
11 silly cache add   raw: './project/static/modules/',
11 silly cache add   scope: null,
11 silly cache add   name: null,
11 silly cache add   rawSpec: './project/static/modules/',
11 silly cache add   spec: '/home/shandour/code/react_py/project/project/static/modules',
11 silly cache add   type: 'local' }
12 error addLocal Could not install /home/shandour/code/react_py/project/project/static/modules
13 silly fetchPackageMetaData Error: EISDIR: illegal operation on a directory, read
13 silly fetchPackageMetaData     at Error (native)
13 silly fetchPackageMetaData  error for ./project/static/modules/ { [Error: EISDIR: illegal operation on a directory, read] errno: -21, code: 'EISDIR', syscall: 'read' }
14 silly rollbackFailedOptional Starting
15 silly rollbackFailedOptional Finishing
16 silly runTopLevelLifecycles Starting
17 silly runTopLevelLifecycles Finishing
18 silly install printInstalled
19 verbose stack Error: EISDIR: illegal operation on a directory, read
19 verbose stack     at Error (native)
20 verbose cwd /home/shandour/code/react_py/project
21 error Linux 4.10.0-37-generic
22 error argv "/usr/bin/nodejs" "/usr/bin/npm" "install" "--modules-folder" "./project/static/modules/"
23 error node v4.7.2
24 error npm  v3.5.2
25 error code EISDIR
26 error errno -21
27 error syscall read
28 error eisdir EISDIR: illegal operation on a directory, read
29 error eisdir This is most likely not a problem with npm itself
29 error eisdir and is related to npm not being able to find a package.json in
29 error eisdir a package you are trying to install.
30 verbose exit [ -21, true ]
